Mono path[0] = 'C:/Program Files (x86)/Steam/steamapps/common/Valheim/valheim_Data/Managed'
Mono config path = 'C:/Program Files (x86)/Steam/steamapps/common/Valheim/MonoBleedingEdge/etc'
[Physics::Module] Initialized MultithreadedJobDispatcher with 23 workers.
Initialize engine version: 2022.3.17f1 (4fc78088f837)
[Subsystems] Discovering subsystems at path C:/Program Files (x86)/Steam/steamapps/common/Valheim/valheim_Data/UnitySubsystems
GfxDevice: creating device client; threaded=1; jobified=0
Direct3D:
    Version:  Direct3D 11.0 [level 11.1]
    Renderer: NVIDIA GeForce RTX 3070 (ID=0x2484)
    Vendor:   NVIDIA
    VRAM:     8018 MB
    Driver:   31.0.15.5222
Begin MonoManager ReloadAssembly
- Loaded All Assemblies, in  0.187 seconds
- Finished resetting the current domain, in  0.001 seconds
<RI> Initializing input.
New input system (experimental) initialized
Using Windows.Gaming.Input
<RI> Input initialized.
<RI> Initialized touch support.
UnloadTime: 0.632200 ms
Privilege Multiplayer is not known on this platform. Privilege therefore is granted without check...
Privilege UserGeneratedContent is not known on this platform. Privilege therefore is granted without check...
Privilege CrossPlay is not known on this platform. Privilege therefore is granted without check...
05/29/2024 23:08:44: Set background loading budget to Low
Unloading 5 Unused Serialized files (Serialized files now loaded: 9)
UnloadTime: 0.186400 ms
05/29/2024 23:08:44: Fetching PlatformPrefs 'GuiScale' before loading defaults
05/29/2024 23:08:44: Fetching PlatformPrefs 'GuiScale' before loading defaults
Unloading 172 unused Assets to reduce memory usage. Loaded Objects now: 2509.
Total: 1.478300 ms (FindLiveObjects: 0.120700 ms CreateObjectMapping: 0.045400 ms MarkObjects: 1.223700 ms  DeleteObjects: 0.088300 ms)

05/29/2024 23:08:44: Starting to load scene:start.unity (169d7618616154c03be07e9ad3af5893)
05/29/2024 23:08:44: Set background loading budget to Normal
05/29/2024 23:08:48: Set background loading budget to High
The referenced script on this Behaviour (Game Object '<null>') is missing!
The referenced script on this Behaviour (Game Object '<null>') is missing!
Couldn't create a Convex Mesh from source mesh "default" within the maximum polygons limit (256). The partial hull will be used. Consider simplifying your mesh.
Couldn't create a Convex Mesh from source mesh "default" within the maximum polygons limit (256). The partial hull will be used. Consider simplifying your mesh.
The referenced script on this Behaviour (Game Object '<null>') is missing!
Unloading 2 Unused Serialized files (Serialized files now loaded: 1133)
05/29/2024 23:09:03: Set background loading budget to Low
UnloadTime: 6.885800 ms
Only custom filters can be played. Please add a custom filter or an audioclip to the audiosource (Amb_MainMenu).
05/29/2024 23:09:04: Missing audio clip in music respawn
05/29/2024 23:09:04: Using environment steamid 892970
05/29/2024 23:09:04: Using steam APPID:892970
05/29/2024 23:09:04: Authentication:k_ESteamNetworkingAvailability_Attempting
05/29/2024 23:09:04: Steam initialized, persona:pericomando *********_com
05/29/2024 23:09:04: PlayFab custom ID set to "Steam_76561198967130550"
05/29/2024 23:09:04: Using default prefs
05/29/2024 23:09:04: Valheim version: 0.218.15 (network version 27)
Trying to set graphic mode to 'Custom'
Graphic mode 'Custom' is not or no longer supported. Fallback to default mode for platform...
Graphic mode 'Custom' applied!
05/29/2024 23:09:04: Worldgenerator version setup:2
05/29/2024 23:09:05: Render threading mode:MultiThreaded
05/29/2024 23:09:05: Set button "CamZoomIn" to None!
05/29/2024 23:09:05: Set button "CamZoomOut" to None!
05/29/2024 23:09:05: Set button "CamZoomIn" to None!
05/29/2024 23:09:05: Set button "CamZoomOut" to None!
05/29/2024 23:09:05: Checking for installed DLCs
05/29/2024 23:09:05: DLC:beta installed:False
05/29/2024 23:09:05: Builder started
05/29/2024 23:09:05: Loaded localization file #0 - 'localization' language: 'English'
05/29/2024 23:09:05: Loaded localization file #1 - 'localization_extra' language: 'English'
05/29/2024 23:09:05: Loaded localization file #2 - 'heightmap_message' language: 'English'
05/29/2024 23:09:05: Loaded localization file #3 - 'localization_hildir' language: 'English'
05/29/2024 23:09:05: Loaded localization file #4 - 'localization_emotes' language: 'English'
05/29/2024 23:09:05: Loaded localization file #5 - 'localization_ashlands' language: 'English'
05/29/2024 23:09:05: Loaded localization file #0 - 'localization' language: 'Spanish'
05/29/2024 23:09:05: Loaded localization file #1 - 'localization_extra' language: 'Spanish'
05/29/2024 23:09:05: Loaded localization file #2 - 'heightmap_message' language: 'Spanish'
05/29/2024 23:09:05: Loaded localization file #3 - 'localization_hildir' language: 'Spanish'
05/29/2024 23:09:05: Loaded localization file #4 - 'localization_emotes' language: 'Spanish'
05/29/2024 23:09:05: Loaded localization file #5 - 'localization_ashlands' language: 'Spanish'
05/29/2024 23:09:05: Sending PlayFab login request (attempt 1)
05/29/2024 23:09:05: Starting music menu
Unloading 86077 unused Assets to reduce memory usage. Loaded Objects now: 197433.
Total: 96.330200 ms (FindLiveObjects: 14.070700 ms CreateObjectMapping: 20.979000 ms MarkObjects: 39.554400 ms  DeleteObjects: 21.725700 ms)

05/29/2024 23:09:06: PlayFab logged in as "Steam_76561198967130550"
05/29/2024 23:09:06: PlayFab local entity ID is 98F67FB376DED196
05/29/2024 23:09:15: Stopping build thread
Setting up 12 worker threads for Enlighten.
05/29/2024 23:09:15: Steam manager on destroy
Memory Statistics:
[ALLOC_TEMP_TLS] TLS Allocator
  StackAllocators : 
    [ALLOC_TEMP_MAIN]
      Peak usage frame count: [2.0 KB-4.0 KB]: 2690 frames, [8.0 KB-16.0 KB]: 2 frames, [32.0 KB-64.0 KB]: 535 frames, [64.0 KB-128.0 KB]: 2 frames, [256.0 KB-0.5 MB]: 1 frames, [1.0 MB-2.0 MB]: 1 frames, [4.0 MB-8.0 MB]: 2 frames
      Initial Block Size 4.0 MB
      Current Block Size 7.6 MB
      Peak Allocated Bytes 7.6 MB
      Overflow Count 25
    [ALLOC_TEMP_Background Job.worker 4]
      Initial Block Size 32.0 KB
      Current Block Size 32.0 KB
      Peak Allocated Bytes 372 B
      Overflow Count 0
    [ALLOC_TEMP_Loading.PreloadManager]
      Initial Block Size 256.0 KB
      Current Block Size 0.5 MB
      Peak Allocated Bytes 326.4 KB
      Overflow Count 259601
    [ALLOC_TEMP_Background Job.worker 3]
      Initial Block Size 32.0 KB
      Current Block Size 32.0 KB
      Peak Allocated Bytes 372 B
      Overflow Count 0
    [ALLOC_TEMP_Background Job.worker 11]
      Initial Block Size 32.0 KB
      Current Block Size 32.0 KB
      Peak Allocated Bytes 372 B
      Overflow Count 0
    [ALLOC_TEMP_Job.worker 16]
      Initial Block Size 256.0 KB
      Current Block Size 256.0 KB
      Peak Allocated Bytes 324 B
      Overflow Count 0
    [ALLOC_TEMP_Background Job.worker 7]
      Initial Block Size 32.0 KB
      Current Block Size 32.0 KB
      Peak Allocated Bytes 372 B
      Overflow Count 0
    [ALLOC_TEMP_Background Job.worker 6]
      Initial Block Size 32.0 KB
      Current Block Size 32.0 KB
      Peak Allocated Bytes 372 B
      Overflow Count 0
    [ALLOC_TEMP_Job.worker 19]
      Initial Block Size 256.0 KB
      Current Block Size 256.0 KB
      Peak Allocated Bytes 13.4 KB
      Overflow Count 0
    [ALLOC_TEMP_Background Job.worker 12]
      Initial Block Size 32.0 KB
      Current Block Size 32.0 KB
      Peak Allocated Bytes 372 B
      Overflow Count 0
    [ALLOC_TEMP_Background Job.worker 2]
      Initial Block Size 32.0 KB
      Current Block Size 32.0 KB
      Peak Allocated Bytes 372 B
      Overflow Count 0
    [ALLOC_TEMP_Background Job.worker 10]
      Initial Block Size 32.0 KB
      Current Block Size 32.0 KB
      Peak Allocated Bytes 372 B
      Overflow Count 0
    [ALLOC_TEMP_Background Job.worker 15]
      Initial Block Size 32.0 KB
      Current Block Size 32.0 KB
      Peak Allocated Bytes 372 B
      Overflow Count 0
    [ALLOC_TEMP_Job.worker 20]
      Initial Block Size 256.0 KB
      Current Block Size 256.0 KB
      Peak Allocated Bytes 324 B
      Overflow Count 0
    [ALLOC_TEMP_Background Job.worker 8]
      Initial Block Size 32.0 KB
      Current Block Size 32.0 KB
      Peak Allocated Bytes 372 B
      Overflow Count 0
    [ALLOC_TEMP_Job.worker 5]
      Initial Block Size 256.0 KB
      Current Block Size 256.0 KB
      Peak Allocated Bytes 14.1 KB
      Overflow Count 0
    [ALLOC_TEMP_Background Job.worker 13]
      Initial Block Size 32.0 KB
      Current Block Size 32.0 KB
      Peak Allocated Bytes 372 B
      Overflow Count 0
    [ALLOC_TEMP_AssetGarbageCollectorHelper] x 23
      Initial Block Size 64.0 KB
      Current Block Size 64.0 KB
      Peak Allocated Bytes 138 B
      Overflow Count 0
    [ALLOC_TEMP_Background Job.worker 0]
      Initial Block Size 32.0 KB
      Current Block Size 32.0 KB
      Peak Allocated Bytes 372 B
      Overflow Count 0
    [ALLOC_TEMP_Job.worker 6]
      Initial Block Size 256.0 KB
      Current Block Size 256.0 KB
      Peak Allocated Bytes 14.1 KB
      Overflow Count 0
    [ALLOC_TEMP_Job.worker 8]
      Initial Block Size 256.0 KB
      Current Block Size 256.0 KB
      Peak Allocated Bytes 14.1 KB
      Overflow Count 0
    [ALLOC_TEMP_HIDInput]
      Initial Block Size 64.0 KB
      Current Block Size 64.0 KB
      Peak Allocated Bytes 10.8 KB
      Overflow Count 0
    [ALLOC_TEMP_Background Job.worker 14]
      Initial Block Size 32.0 KB
      Current Block Size 32.0 KB
      Peak Allocated Bytes 372 B
      Overflow Count 0
    [ALLOC_TEMP_BatchDeleteObjects]
      Initial Block Size 64.0 KB
      Current Block Size 64.0 KB
      Peak Allocated Bytes 54 B
      Overflow Count 0
    [ALLOC_TEMP_Job.worker 11]
      Initial Block Size 256.0 KB
      Current Block Size 256.0 KB
      Peak Allocated Bytes 13.4 KB
      Overflow Count 0
    [ALLOC_TEMP_Job.worker 15]
      Initial Block Size 256.0 KB
      Current Block Size 256.0 KB
      Peak Allocated Bytes 324 B
      Overflow Count 0
    [ALLOC_TEMP_Background Job.worker 9]
      Initial Block Size 32.0 KB
      Current Block Size 32.0 KB
      Peak Allocated Bytes 372 B
      Overflow Count 0
    [ALLOC_TEMP_Job.worker 0]
      Initial Block Size 256.0 KB
      Current Block Size 256.0 KB
      Peak Allocated Bytes 6.0 KB
      Overflow Count 0
    [ALLOC_TEMP_Job.worker 14]
      Initial Block Size 256.0 KB
      Current Block Size 256.0 KB
      Peak Allocated Bytes 6.0 KB
      Overflow Count 0
    [ALLOC_TEMP_Job.worker 4]
      Initial Block Size 256.0 KB
      Current Block Size 256.0 KB
      Peak Allocated Bytes 14.1 KB
      Overflow Count 0
    [ALLOC_TEMP_Job.worker 13]
      Initial Block Size 256.0 KB
      Current Block Size 256.0 KB
      Peak Allocated Bytes 324 B
      Overflow Count 0
    [ALLOC_TEMP_Background Job.worker 1]
      Initial Block Size 32.0 KB
      Current Block Size 32.0 KB
      Peak Allocated Bytes 2.6 KB
      Overflow Count 0
    [ALLOC_TEMP_EnlightenWorker] x 12
      Initial Block Size 64.0 KB
      Current Block Size 64.0 KB
      Peak Allocated Bytes 54 B
      Overflow Count 0
    [ALLOC_TEMP_Job.worker 1]
      Initial Block Size 256.0 KB
      Current Block Size 256.0 KB
      Peak Allocated Bytes 14.1 KB
      Overflow Count 0
    [ALLOC_TEMP_Job.worker 21]
      Initial Block Size 256.0 KB
      Current Block Size 256.0 KB
      Peak Allocated Bytes 176 B
      Overflow Count 0
    [ALLOC_TEMP_Job.worker 3]
      Initial Block Size 256.0 KB
      Current Block Size 256.0 KB
      Peak Allocated Bytes 14.1 KB
      Overflow Count 0
    [ALLOC_TEMP_Background Job.worker 5]
      Initial Block Size 32.0 KB
      Current Block Size 32.0 KB
      Peak Allocated Bytes 372 B
      Overflow Count 0
    [ALLOC_TEMP_Job.worker 12]
      Initial Block Size 256.0 KB
      Current Block Size 256.0 KB
      Peak Allocated Bytes 324 B
      Overflow Count 0
    [ALLOC_TEMP_UnityGfxDeviceWorker]
      Initial Block Size 256.0 KB
      Current Block Size 256.0 KB
      Peak Allocated Bytes 51.1 KB
      Overflow Count 1
    [ALLOC_TEMP_Job.worker 22]
      Initial Block Size 256.0 KB
      Current Block Size 256.0 KB
      Peak Allocated Bytes 144 B
      Overflow Count 0
    [ALLOC_TEMP_Job.worker 2]
      Initial Block Size 256.0 KB
      Current Block Size 256.0 KB
      Peak Allocated Bytes 14.1 KB
      Overflow Count 0
    [ALLOC_TEMP_Job.worker 10]
      Initial Block Size 256.0 KB
      Current Block Size 256.0 KB
      Peak Allocated Bytes 324 B
      Overflow Count 0
    [ALLOC_TEMP_Job.worker 17]
      Initial Block Size 256.0 KB
      Current Block Size 256.0 KB
      Peak Allocated Bytes 324 B
      Overflow Count 0
    [ALLOC_TEMP_Job.worker 7]
      Initial Block Size 256.0 KB
      Current Block Size 256.0 KB
      Peak Allocated Bytes 14.1 KB
      Overflow Count 0
    [ALLOC_TEMP_Job.worker 9]
      Initial Block Size 256.0 KB
      Current Block Size 256.0 KB
      Peak Allocated Bytes 4.9 KB
      Overflow Count 0
    [ALLOC_TEMP_Job.worker 18]
      Initial Block Size 256.0 KB
      Current Block Size 256.0 KB
      Peak Allocated Bytes 324 B
      Overflow Count 0
    [ALLOC_TEMP_Loading.AsyncRead]
      Initial Block Size 64.0 KB
      Current Block Size 64.0 KB
      Peak Allocated Bytes 372 B
      Overflow Count 0
[ALLOC_DEFAULT] Dual Thread Allocator
  Peak main deferred allocation count 4168
    [ALLOC_BUCKET]
      Large Block size 4.0 MB
      Used Block count 1
      Peak Allocated bytes 4.0 MB
      Failed Allocations. Bucket layout:
        16B: 6 Subsections = 6144 buckets. Failed count: 264557
        32B: 31 Subsections = 15872 buckets. Failed count: 171965
        48B: 32 Subsections = 10922 buckets. Failed count: 184849
        64B: 33 Subsections = 8448 buckets. Failed count: 158839
        80B: 60 Subsections = 12288 buckets. Failed count: 44260
        96B: 48 Subsections = 8192 buckets. Failed count: 82897
        112B: 18 Subsections = 2633 buckets. Failed count: 33922
        128B: 28 Subsections = 3584 buckets. Failed count: 103682
    [ALLOC_DEFAULT_MAIN]
      Peak usage frame count: [16.0 MB-32.0 MB]: 2687 frames, [32.0 MB-64.0 MB]: 8 frames, [64.0 MB-128.0 MB]: 537 frames, [128.0 MB-256.0 MB]: 1 frames
      Requested Block Size 16.0 MB
      Peak Block count 5
      Peak Allocated memory 128.3 MB
      Peak Large allocation bytes 63.2 MB
    [ALLOC_DEFAULT_THREAD]
      Peak usage frame count: [8.0 MB-16.0 MB]: 53 frames, [16.0 MB-32.0 MB]: 2237 frames, [32.0 MB-64.0 MB]: 42 frames, [64.0 MB-128.0 MB]: 61 frames, [128.0 MB-256.0 MB]: 148 frames, [256.0 MB-0.50 GB]: 692 frames
      Requested Block Size 16.0 MB
      Peak Block count 18
      Peak Allocated memory 317.2 MB
      Peak Large allocation bytes 49.4 MB
[ALLOC_TEMP_JOB_1_FRAME]
  Initial Block Size 2.0 MB
  Used Block Count 0
  Overflow Count (too large) 0
  Overflow Count (full) 0
[ALLOC_TEMP_JOB_2_FRAMES]
  Initial Block Size 2.0 MB
  Used Block Count 0
  Overflow Count (too large) 0
  Overflow Count (full) 0
[ALLOC_TEMP_JOB_4_FRAMES (JobTemp)]
  Initial Block Size 2.0 MB
  Used Block Count 1
  Overflow Count (too large) 0
  Overflow Count (full) 0
[ALLOC_TEMP_JOB_ASYNC (Background)]
  Initial Block Size 1.0 MB
  Used Block Count 1
  Overflow Count (too large) 3
  Overflow Count (full) 0
[ALLOC_GFX] Dual Thread Allocator
  Peak main deferred allocation count 12
    [ALLOC_BUCKET]
      Large Block size 4.0 MB
      Used Block count 1
      Peak Allocated bytes 4.0 MB
      Failed Allocations. Bucket layout:
        16B: 6 Subsections = 6144 buckets. Failed count: 264557
        32B: 31 Subsections = 15872 buckets. Failed count: 171965
        48B: 32 Subsections = 10922 buckets. Failed count: 184849
        64B: 33 Subsections = 8448 buckets. Failed count: 158839
        80B: 60 Subsections = 12288 buckets. Failed count: 44260
        96B: 48 Subsections = 8192 buckets. Failed count: 82897
        112B: 18 Subsections = 2633 buckets. Failed count: 33922
        128B: 28 Subsections = 3584 buckets. Failed count: 103682
    [ALLOC_GFX_MAIN]
      Peak usage frame count: [32.0 KB-64.0 KB]: 2290 frames, [64.0 KB-128.0 KB]: 86 frames, [0.5 MB-1.0 MB]: 64 frames, [1.0 MB-2.0 MB]: 246 frames, [8.0 MB-16.0 MB]: 547 frames
      Requested Block Size 16.0 MB
      Peak Block count 1
      Peak Allocated memory 14.4 MB
      Peak Large allocation bytes 0 B
    [ALLOC_GFX_THREAD]
      Peak usage frame count: [4.0 KB-8.0 KB]: 1 frames, [0.5 MB-1.0 MB]: 2280 frames, [2.0 MB-4.0 MB]: 2 frames, [4.0 MB-8.0 MB]: 2 frames, [8.0 MB-16.0 MB]: 6 frames, [16.0 MB-32.0 MB]: 56 frames, [32.0 MB-64.0 MB]: 70 frames, [64.0 MB-128.0 MB]: 701 frames, [128.0 MB-256.0 MB]: 115 frames
      Requested Block Size 16.0 MB
      Peak Block count 9
      Peak Allocated memory 136.9 MB
      Peak Large allocation bytes 0 B
[ALLOC_CACHEOBJECTS] Dual Thread Allocator
  Peak main deferred allocation count 120
    [ALLOC_BUCKET]
      Large Block size 4.0 MB
      Used Block count 1
      Peak Allocated bytes 4.0 MB
      Failed Allocations. Bucket layout:
        16B: 6 Subsections = 6144 buckets. Failed count: 264557
        32B: 31 Subsections = 15872 buckets. Failed count: 171965
        48B: 32 Subsections = 10922 buckets. Failed count: 184849
        64B: 33 Subsections = 8448 buckets. Failed count: 158839
        80B: 60 Subsections = 12288 buckets. Failed count: 44260
        96B: 48 Subsections = 8192 buckets. Failed count: 82897
        112B: 18 Subsections = 2633 buckets. Failed count: 33922
        128B: 28 Subsections = 3584 buckets. Failed count: 103682
    [ALLOC_CACHEOBJECTS_MAIN]
      Peak usage frame count: [2.0 MB-4.0 MB]: 2687 frames, [4.0 MB-8.0 MB]: 1 frames, [8.0 MB-16.0 MB]: 8 frames, [32.0 MB-64.0 MB]: 537 frames
      Requested Block Size 4.0 MB
      Peak Block count 8
      Peak Allocated memory 60.0 MB
      Peak Large allocation bytes 30.6 MB
    [ALLOC_CACHEOBJECTS_THREAD]
      Peak usage frame count: [128.0 KB-256.0 KB]: 1 frames, [64.0 MB-128.0 MB]: 2270 frames, [128.0 MB-256.0 MB]: 96 frames, [256.0 MB-0.50 GB]: 866 frames
      Requested Block Size 4.0 MB
      Peak Block count 101
      Peak Allocated memory 493.2 MB
      Peak Large allocation bytes 118.5 MB
[ALLOC_TYPETREE] Dual Thread Allocator
  Peak main deferred allocation count 127
    [ALLOC_BUCKET]
      Large Block size 4.0 MB
      Used Block count 1
      Peak Allocated bytes 4.0 MB
      Failed Allocations. Bucket layout:
        16B: 6 Subsections = 6144 buckets. Failed count: 264557
        32B: 31 Subsections = 15872 buckets. Failed count: 171965
        48B: 32 Subsections = 10922 buckets. Failed count: 184849
        64B: 33 Subsections = 8448 buckets. Failed count: 158839
        80B: 60 Subsections = 12288 buckets. Failed count: 44260
        96B: 48 Subsections = 8192 buckets. Failed count: 82897
        112B: 18 Subsections = 2633 buckets. Failed count: 33922
        128B: 28 Subsections = 3584 buckets. Failed count: 103682
    [ALLOC_TYPETREE_MAIN]
      Peak usage frame count: [256.0 KB-0.5 MB]: 3233 frames
      Requested Block Size 2.0 MB
      Peak Block count 1
      Peak Allocated memory 435.7 KB
      Peak Large allocation bytes 0 B
    [ALLOC_TYPETREE_THREAD]
      Peak usage frame count: [16.0 KB-32.0 KB]: 1 frames, [16.0 MB-32.0 MB]: 20 frames, [32.0 MB-64.0 MB]: 16 frames, [64.0 MB-128.0 MB]: 3196 frames
      Requested Block Size 2.0 MB
      Peak Block count 47
      Peak Allocated memory 91.1 MB
      Peak Large allocation bytes 0 B
